2025-07-04 02:06:30 Loading main app package /usr/lib/obsidian/obsidian.asar
2025-07-04 02:06:30 Checking for update using Github
2025-07-04 02:06:31 Success.
2025-07-04 02:06:31 Latest version is 1.8.10
2025-07-04 02:06:31 App is up to date.
2025-07-05 00:20:40 Loading main app package /usr/lib/obsidian/obsidian.asar
2025-07-05 00:20:40 Checking for update using Github
2025-07-05 00:20:41 Success.
2025-07-05 00:20:41 Latest version is 1.8.10
2025-07-05 00:20:41 App is up to date.
2025-07-05 01:20:40 Checking for update using Github
2025-07-05 01:20:40 Success.
2025-07-05 01:20:40 Latest version is 1.8.10
2025-07-05 01:20:40 App is up to date.
2025-07-05 02:20:40 Checking for update using Github
2025-07-05 02:20:40 Success.
2025-07-05 02:20:40 Latest version is 1.8.10
2025-07-05 02:20:40 App is up to date.
2025-07-05 03:20:40 Checking for update using Github
2025-07-05 03:20:40 Success.
2025-07-05 03:20:40 Latest version is 1.8.10
2025-07-05 03:20:40 App is up to date.
2025-07-05 04:20:40 Checking for update using Github
2025-07-05 04:20:40 Success.
2025-07-05 04:20:40 Latest version is 1.8.10
2025-07-05 04:20:40 App is up to date.
2025-07-05 12:04:57 Loading main app package /usr/lib/obsidian/obsidian.asar
2025-07-05 12:04:58 Checking for update using Github
2025-07-05 12:04:58 Success.
2025-07-05 12:04:58 Latest version is 1.8.10
2025-07-05 12:04:58 App is up to date.
2025-07-05 13:07:41 Checking for update using Github
2025-07-05 13:07:42 Success.
2025-07-05 13:07:42 Latest version is 1.8.10
2025-07-05 13:07:42 App is up to date.
2025-07-05 14:07:41 Checking for update using Github
2025-07-05 14:07:42 Success.
2025-07-05 14:07:42 Latest version is 1.8.10
2025-07-05 14:07:42 App is up to date.
2025-07-05 15:07:41 Checking for update using Github
2025-07-05 15:07:42 Success.
2025-07-05 15:07:42 Latest version is 1.8.10
2025-07-05 15:07:42 App is up to date.
2025-07-05 16:07:41 Checking for update using Github
2025-07-05 16:07:42 Success.
2025-07-05 16:07:42 Latest version is 1.8.10
2025-07-05 16:07:42 App is up to date.
2025-07-05 17:07:42 Checking for update using Github
2025-07-05 17:07:42 Success.
2025-07-05 17:07:42 Latest version is 1.8.10
2025-07-05 17:07:42 App is up to date.
2025-07-05 18:07:42 Checking for update using Github
2025-07-05 18:07:42 Success.
2025-07-05 18:07:42 Latest version is 1.8.10
2025-07-05 18:07:42 App is up to date.
2025-07-05 19:07:42 Checking for update using Github
2025-07-05 19:07:42 Success.
2025-07-05 19:07:42 Latest version is 1.8.10
2025-07-05 19:07:42 App is up to date.
2025-07-06 04:33:55 Checking for update using Github
2025-07-06 04:33:55 Success.
2025-07-06 04:33:55 Latest version is 1.8.10
2025-07-06 04:33:55 App is up to date.
2025-07-06 05:33:55 Checking for update using Github
2025-07-06 05:33:55 Success.
2025-07-06 05:33:55 Latest version is 1.8.10
2025-07-06 05:33:55 App is up to date.
2025-07-06 06:33:55 Checking for update using Github
2025-07-06 06:33:55 Success.
2025-07-06 06:33:55 Latest version is 1.8.10
2025-07-06 06:33:55 App is up to date.
2025-07-06 14:22:28 Checking for update using Github
2025-07-06 14:22:28 Success.
2025-07-06 14:22:28 Latest version is 1.8.10
2025-07-06 14:22:28 App is up to date.
2025-07-06 15:22:28 Checking for update using Github
2025-07-06 15:22:28 Success.
2025-07-06 15:22:28 Latest version is 1.8.10
2025-07-06 15:22:28 App is up to date.
2025-07-06 16:22:28 Checking for update using Github
2025-07-06 16:22:28 Success.
2025-07-06 16:22:28 Latest version is 1.8.10
2025-07-06 16:22:28 App is up to date.
2025-07-06 18:28:22 Checking for update using Github
2025-07-06 18:28:23 Success.
2025-07-06 18:28:23 Latest version is 1.8.10
2025-07-06 18:28:23 App is up to date.
2025-07-06 19:28:22 Checking for update using Github
2025-07-06 19:28:23 Success.
2025-07-06 19:28:23 Latest version is 1.8.10
2025-07-06 19:28:23 App is up to date.
2025-07-07 01:09:17 Loading main app package /usr/lib/obsidian/obsidian.asar
2025-07-07 01:09:17 Checking for update using Github
2025-07-07 01:09:17 Success.
2025-07-07 01:09:17 Latest version is 1.8.10
2025-07-07 01:09:17 App is up to date.
2025-07-07 02:09:17 Checking for update using Github
2025-07-07 02:09:17 Success.
2025-07-07 02:09:17 Latest version is 1.8.10
2025-07-07 02:09:17 App is up to date.
2025-07-07 03:09:17 Checking for update using Github
2025-07-07 03:09:17 Success.
2025-07-07 03:09:17 Latest version is 1.8.10
2025-07-07 03:09:17 App is up to date.
2025-07-07 04:09:17 Checking for update using Github
2025-07-07 04:09:17 Success.
2025-07-07 04:09:17 Latest version is 1.8.10
2025-07-07 04:09:17 App is up to date.
2025-07-07 05:09:17 Checking for update using Github
2025-07-07 05:09:17 Success.
2025-07-07 05:09:17 Latest version is 1.8.10
2025-07-07 05:09:17 App is up to date.
2025-07-07 06:09:17 Checking for update using Github
2025-07-07 06:09:17 Success.
2025-07-07 06:09:17 Latest version is 1.8.10
2025-07-07 06:09:17 App is up to date.
2025-07-07 08:05:57 Checking for update using Github
2025-07-07 08:05:57 Success.
2025-07-07 08:05:57 Latest version is 1.8.10
2025-07-07 08:05:57 App is up to date.
2025-07-07 17:38:01 Loading main app package /usr/lib/obsidian/obsidian.asar
2025-07-07 17:38:01 Checking for update using Github
2025-07-07 17:38:02 Success.
2025-07-07 17:38:02 Latest version is 1.8.10
2025-07-07 17:38:02 App is up to date.
2025-07-07 18:38:01 Checking for update using Github
2025-07-07 18:38:01 Success.
2025-07-07 18:38:01 Latest version is 1.8.10
2025-07-07 18:38:01 App is up to date.
2025-07-08 15:05:02 Loading main app package /usr/lib/obsidian/obsidian.asar
2025-07-08 15:05:03 Checking for update using Github
2025-07-08 15:05:03 Success.
2025-07-08 15:05:03 Latest version is 1.8.10
2025-07-08 15:05:03 App is up to date.
2025-07-08 16:05:02 Checking for update using Github
2025-07-08 16:05:03 Success.
2025-07-08 16:05:03 Latest version is 1.8.10
2025-07-08 16:05:03 App is up to date.
2025-07-08 17:05:02 Checking for update using Github
2025-07-08 17:05:03 Success.
2025-07-08 17:05:03 Latest version is 1.8.10
2025-07-08 17:05:03 App is up to date.
2025-07-08 17:22:50 Loading main app package /usr/lib/obsidian/obsidian.asar
2025-07-08 17:22:50 Checking for update using Github
2025-07-08 17:22:50 Success.
2025-07-08 17:22:50 Latest version is 1.8.10
2025-07-08 17:22:50 App is up to date.
2025-07-08 18:22:50 Checking for update using Github
2025-07-08 18:22:50 Success.
2025-07-08 18:22:50 Latest version is 1.8.10
2025-07-08 18:22:50 App is up to date.
2025-07-08 21:02:50 Checking for update using Github
2025-07-08 21:02:50 Success.
2025-07-08 21:02:50 Latest version is 1.8.10
2025-07-08 21:02:50 App is up to date.
2025-07-09 05:30:25 Loading main app package /usr/lib/obsidian/obsidian.asar
2025-07-09 05:30:25 Checking for update using Github
2025-07-09 05:30:26 Success.
2025-07-09 05:30:26 Latest version is 1.8.10
2025-07-09 05:30:26 App is up to date.
2025-07-09 10:50:29 Checking for update using Github
2025-07-09 10:50:29 Success.
2025-07-09 10:50:29 Latest version is 1.8.10
2025-07-09 10:50:29 App is up to date.
2025-07-09 12:32:33 Checking for update using Github
2025-07-09 12:32:33 Success.
2025-07-09 12:32:33 Latest version is 1.8.10
2025-07-09 12:32:33 App is up to date.
2025-07-09 13:32:33 Checking for update using Github
2025-07-09 13:32:33 Success.
2025-07-09 13:32:33 Latest version is 1.8.10
2025-07-09 13:32:33 App is up to date.
2025-07-09 14:32:33 Checking for update using Github
2025-07-09 14:32:33 Success.
2025-07-09 14:32:33 Latest version is 1.8.10
2025-07-09 14:32:33 App is up to date.
2025-07-09 15:32:33 Checking for update using Github
2025-07-09 15:32:33 Success.
2025-07-09 15:32:33 Latest version is 1.8.10
2025-07-09 15:32:33 App is up to date.
2025-07-09 16:32:33 Checking for update using Github
2025-07-09 16:32:33 Success.
2025-07-09 16:32:33 Latest version is 1.8.10
2025-07-09 16:32:33 App is up to date.
2025-07-09 17:32:33 Checking for update using Github
2025-07-09 17:32:33 Success.
2025-07-09 17:32:33 Latest version is 1.8.10
2025-07-09 17:32:33 App is up to date.
2025-07-09 18:32:33 Checking for update using Github
2025-07-09 18:32:33 Success.
2025-07-09 18:32:33 Latest version is 1.8.10
2025-07-09 18:32:33 App is up to date.
2025-07-09 19:32:33 Checking for update using Github
2025-07-09 19:32:33 Success.
2025-07-09 19:32:33 Latest version is 1.8.10
2025-07-09 19:32:33 App is up to date.
2025-07-09 20:32:33 Checking for update using Github
2025-07-09 20:32:33 Success.
2025-07-09 20:32:33 Latest version is 1.8.10
2025-07-09 20:32:33 App is up to date.
2025-07-10 04:58:43 Checking for update using Github
2025-07-10 04:58:43 Success.
2025-07-10 04:58:43 Latest version is 1.8.10
2025-07-10 04:58:43 App is up to date.
2025-07-10 14:51:24 Checking for update using Github
2025-07-10 14:51:24 Success.
2025-07-10 14:51:24 Latest version is 1.8.10
2025-07-10 14:51:24 App is up to date.
2025-07-10 15:51:24 Checking for update using Github
2025-07-10 15:51:24 Success.
2025-07-10 15:51:24 Latest version is 1.8.10
2025-07-10 15:51:24 App is up to date.
2025-07-10 16:51:24 Checking for update using Github
2025-07-10 16:51:24 Success.
2025-07-10 16:51:24 Latest version is 1.8.10
2025-07-10 16:51:24 App is up to date.
2025-07-10 17:51:24 Checking for update using Github
2025-07-10 17:51:24 Success.
2025-07-10 17:51:24 Latest version is 1.8.10
2025-07-10 17:51:24 App is up to date.
2025-07-10 19:08:00 Checking for update using Github
2025-07-10 19:08:00 Success.
2025-07-10 19:08:00 Latest version is 1.8.10
2025-07-10 19:08:00 App is up to date.
2025-07-10 23:57:56 Checking for update using Github
2025-07-10 23:57:57 Success.
2025-07-10 23:57:57 Latest version is 1.8.10
2025-07-10 23:57:57 App is up to date.
2025-07-11 00:57:56 Checking for update using Github
2025-07-11 00:57:57 Success.
2025-07-11 00:57:57 Latest version is 1.8.10
2025-07-11 00:57:57 App is up to date.
2025-07-11 01:57:56 Checking for update using Github
2025-07-11 01:57:57 Success.
2025-07-11 01:57:57 Latest version is 1.8.10
2025-07-11 01:57:57 App is up to date.
2025-07-11 03:21:39 Checking for update using Github
2025-07-11 03:21:39 Success.
2025-07-11 03:21:39 Latest version is 1.8.10
2025-07-11 03:21:39 App is up to date.
2025-07-11 10:19:48 Checking for update using Github
2025-07-11 10:19:48 Success.
2025-07-11 10:19:48 Latest version is 1.8.10
2025-07-11 10:19:48 App is up to date.
2025-07-11 11:19:48 Checking for update using Github
2025-07-11 11:19:48 Success.
2025-07-11 11:19:48 Latest version is 1.8.10
2025-07-11 11:19:48 App is up to date.
2025-07-11 12:19:48 Checking for update using Github
2025-07-11 12:19:48 Success.
2025-07-11 12:19:48 Latest version is 1.8.10
2025-07-11 12:19:48 App is up to date.
2025-07-11 13:19:48 Checking for update using Github
2025-07-11 13:19:48 Success.
2025-07-11 13:19:48 Latest version is 1.8.10
2025-07-11 13:19:48 App is up to date.
2025-07-11 14:19:48 Checking for update using Github
2025-07-11 14:19:49 Success.
2025-07-11 14:19:49 Latest version is 1.8.10
2025-07-11 14:19:49 App is up to date.
2025-07-11 15:19:48 Checking for update using Github
2025-07-11 15:19:48 Success.
2025-07-11 15:19:48 Latest version is 1.8.10
2025-07-11 15:19:48 App is up to date.
2025-07-11 16:19:48 Checking for update using Github
2025-07-11 16:19:49 Success.
2025-07-11 16:19:49 Latest version is 1.8.10
2025-07-11 16:19:49 App is up to date.
2025-07-11 17:19:48 Checking for update using Github
2025-07-11 17:19:48 Success.
2025-07-11 17:19:48 Latest version is 1.8.10
2025-07-11 17:19:48 App is up to date.
2025-07-12 00:58:48 Loading main app package /usr/lib/obsidian/obsidian.asar
2025-07-12 00:58:48 Checking for update using Github
2025-07-12 00:58:49 Success.
2025-07-12 00:58:49 Latest version is 1.8.10
2025-07-12 00:58:49 App is up to date.
2025-07-12 01:58:48 Checking for update using Github
2025-07-12 01:58:48 Success.
2025-07-12 01:58:48 Latest version is 1.8.10
2025-07-12 01:58:48 App is up to date.
2025-07-12 02:58:48 Checking for update using Github
2025-07-12 02:58:48 Success.
2025-07-12 02:58:48 Latest version is 1.8.10
2025-07-12 02:58:48 App is up to date.
2025-07-13 12:56:56 Loading main app package /usr/lib/obsidian/obsidian.asar
2025-07-13 12:56:56 Checking for update using Github
2025-07-13 12:56:56 Success.
2025-07-13 12:56:56 Latest version is 1.8.10
2025-07-13 12:56:56 App is up to date.
2025-07-13 13:56:56 Checking for update using Github
2025-07-13 13:56:56 Success.
2025-07-13 13:56:56 Latest version is 1.8.10
2025-07-13 13:56:56 App is up to date.
2025-07-13 14:56:56 Checking for update using Github
2025-07-13 14:56:56 Success.
2025-07-13 14:56:56 Latest version is 1.8.10
2025-07-13 14:56:56 App is up to date.
2025-07-13 15:56:56 Checking for update using Github
2025-07-13 15:56:56 Success.
2025-07-13 15:56:56 Latest version is 1.8.10
2025-07-13 15:56:56 App is up to date.
2025-07-13 16:56:56 Checking for update using Github
2025-07-13 16:56:56 Success.
2025-07-13 16:56:56 Latest version is 1.8.10
2025-07-13 16:56:56 App is up to date.
2025-07-13 17:56:56 Checking for update using Github
2025-07-13 17:56:56 Success.
2025-07-13 17:56:56 Latest version is 1.8.10
2025-07-13 17:56:56 App is up to date.
2025-07-13 18:56:56 Checking for update using Github
2025-07-13 18:56:56 Success.
2025-07-13 18:56:56 Latest version is 1.8.10
2025-07-13 18:56:56 App is up to date.
2025-07-13 19:56:56 Checking for update using Github
2025-07-13 19:56:56 Success.
2025-07-13 19:56:56 Latest version is 1.8.10
2025-07-13 19:56:56 App is up to date.
2025-07-13 20:56:56 Checking for update using Github
2025-07-13 20:56:56 Success.
2025-07-13 20:56:56 Latest version is 1.8.10
2025-07-13 20:56:56 App is up to date.
2025-07-13 21:56:56 Checking for update using Github
2025-07-13 21:56:56 Success.
2025-07-13 21:56:56 Latest version is 1.8.10
2025-07-13 21:56:56 App is up to date.
2025-07-13 22:56:56 Checking for update using Github
2025-07-13 22:56:56 Success.
2025-07-13 22:56:56 Latest version is 1.8.10
2025-07-13 22:56:56 App is up to date.
2025-07-13 23:56:56 Checking for update using Github
2025-07-13 23:56:56 Success.
2025-07-13 23:56:56 Latest version is 1.8.10
2025-07-13 23:56:56 App is up to date.
2025-07-14 00:56:56 Checking for update using Github
2025-07-14 00:56:56 Success.
2025-07-14 00:56:56 Latest version is 1.8.10
2025-07-14 00:56:56 App is up to date.
2025-07-14 01:56:56 Checking for update using Github
2025-07-14 01:56:56 Success.
2025-07-14 01:56:56 Latest version is 1.8.10
2025-07-14 01:56:56 App is up to date.
2025-07-14 02:56:56 Checking for update using Github
2025-07-14 02:56:56 Success.
2025-07-14 02:56:56 Latest version is 1.8.10
2025-07-14 02:56:56 App is up to date.
2025-07-14 03:56:56 Checking for update using Github
2025-07-14 03:56:56 Success.
2025-07-14 03:56:56 Latest version is 1.8.10
2025-07-14 03:56:56 App is up to date.
2025-07-14 04:56:56 Checking for update using Github
2025-07-14 04:56:56 Success.
2025-07-14 04:56:56 Latest version is 1.8.10
2025-07-14 04:56:56 App is up to date.
2025-07-14 05:56:56 Checking for update using Github
2025-07-14 05:56:56 Success.
2025-07-14 05:56:56 Latest version is 1.8.10
2025-07-14 05:56:56 App is up to date.
2025-07-14 06:56:56 Checking for update using Github
2025-07-14 06:56:56 Success.
2025-07-14 06:56:56 Latest version is 1.8.10
2025-07-14 06:56:56 App is up to date.
2025-07-14 07:01:55 Loading main app package /usr/lib/obsidian/obsidian.asar
2025-07-14 07:01:55 Checking for update using Github
